Start testing: Mar 27 10:44 PDT
----------------------------------------------------------
1/45 Testing: KernelOpsTests
1/45 Test: KernelOpsTests
Command: "/mnt/c/dev/praxis-cadcam/engine/build/tests/kernel/test_kernel_ops"
Directory: /mnt/c/dev/praxis-cadcam/engine/build/tests/kernel
"KernelOpsTests" start time: Mar 27 10:44 PDT
Output:
----------------------------------------------------------
========================================
Layer 1 Kernel API Test Suite
========================================

Test 1: Box creation produces valid shape... ✓ PASS
Test 2: Box bounding box matches dimensions... ✓ PASS
Test 3: Transform preserves validity... ✓ PASS
Test 4: Compound creation validates... ✓ PASS
Test 5: STEP round-trip preserves validity... [32;1m
*******************************************************************
******        Statistics on Transfer (Write)                 ******[0m
[32;1m
*******************************************************************
******        Transfer Mode = 0  I.E.  As Is       ******[0m
[32;1m******        Transferring Shape, ShapeType = 2                      ******[0m
[32;1m** WorkSession : Sending all data[0m
[32;1m Step File Name : /tmp/test_kernel_roundtrip.step(350 ents)  Write  Done[0m
✓ PASS
Test 6: Heal preserves or improves validity... ✓ PASS
Test 7: Metrics tracked correctly... ✓ PASS
Test 8: Error handling for invalid inputs... ✓ PASS
Test 9: Operations traced correctly... ✓ PASS

========================================
Test Summary
========================================
Total:  9
Passed: 9 ✓
Failed: 0 ✗
========================================
✅ All tests passed
<end of output>
Test time =   0.08 sec
----------------------------------------------------------
Test Passed.
"KernelOpsTests" end time: Mar 27 10:44 PDT
"KernelOpsTests" time elapsed: 00:00:00
----------------------------------------------------------

2/45 Testing: PKMValidatorTests
2/45 Test: PKMValidatorTests
Command: "/mnt/c/dev/praxis-cadcam/engine/build/tests/kernel/test_pkm_validator"
Directory: /mnt/c/dev/praxis-cadcam/engine/build/tests/kernel
"PKMValidatorTests" start time: Mar 27 10:44 PDT
Output:
----------------------------------------------------------
========================================
PKM Validator Test Suite
========================================

Test 1: Valid PKM passes validation... ✓ PASS
Test 2: Missing PKM version rejected... ✓ PASS
Test 3: Wrong PKM version rejected... ✓ PASS
Test 4: PKM version 0.2 accepted... ✓ PASS
Test 5: Unreasonable revolute limits rejected... ✓ PASS
Test 6: Unreasonable prismatic limits rejected... ✓ PASS
Test 7: Duplicate body IDs rejected... ✓ PASS
Test 8: Duplicate joint IDs rejected... ✓ PASS
Test 9: Unknown parent body rejected... ✓ PASS
Test 10: Self-referencing joint rejected... ✓ PASS
Test 11: Zero magnitude axis rejected... ✓ PASS
Test 12: Non-unit axis generates warning... ✓ PASS
Test 13: Invalid limits rejected (min > max)... ✓ PASS
Test 14: Chain with unknown joint rejected... ✓ PASS
Test 15: Chain with duplicate joints rejected... ✓ PASS
Test 16: Empty chain with joints rejected... ✓ PASS
Test 17: Cyclic kinematic chain rejected... ✓ PASS

========================================
Test Summary
========================================
Total:  17
Passed: 17 ✓
Failed: 0 ✗
========================================
✅ All PKM validation tests passed
<end of output>
Test time =   0.01 sec
----------------------------------------------------------
Test Passed.
"PKMValidatorTests" end time: Mar 27 10:44 PDT
"PKMValidatorTests" time elapsed: 00:00:00
----------------------------------------------------------

3/45 Testing: RecipeValidatorTests
3/45 Test: RecipeValidatorTests
Command: "/mnt/c/dev/praxis-cadcam/engine/build/tests/kernel/test_recipe_validator"
Directory: /mnt/c/dev/praxis-cadcam/engine/build/tests/kernel
"RecipeValidatorTests" start time: Mar 27 10:44 PDT
Output:
----------------------------------------------------------
========================================
Recipe Validator Test Suite
========================================

Test 1: Valid recipe passes validation... ✓ PASS
Test 2: Missing recipe version rejected... ✓ PASS
Test 3: Wrong recipe version rejected... ✓ PASS
Test 4: Missing kinematics path rejected... ✓ PASS
Test 5: Duplicate node IDs rejected... ✓ PASS
Test 6: Node without body binding rejected... ✓ PASS
Test 7: Invalid compound node reference rejected... ✓ PASS
Test 8: Parameter with min > max rejected... ✓ PASS
Test 9: Parameter default outside range rejected... ✓ PASS
Test 10: Empty derived expression rejected... ✓ PASS
Test 11: Compound nodes don't need bindings... ✓ PASS
Test 12: Valid recipe with parameters and derived values... ✓ PASS

========================================
Summary:
  Total: 12
  Passed: 12 ✓
  Failed: 0 ✗
========================================
✅ All recipe validator tests passed
<end of output>
Test time =   0.01 sec
----------------------------------------------------------
Test Passed.
"RecipeValidatorTests" end time: Mar 27 10:44 PDT
"RecipeValidatorTests" time elapsed: 00:00:00
----------------------------------------------------------

4/45 Testing: PKMLoaderTests
4/45 Test: PKMLoaderTests
Command: "/mnt/c/dev/praxis-cadcam/engine/build/tests/kernel/test_pkm_loader"
Directory: /mnt/c/dev/praxis-cadcam/engine/build/tests/kernel
"PKMLoaderTests" start time: Mar 27 10:44 PDT
Output:
----------------------------------------------------------
========================================
PKM Loader Test Suite
========================================

Test 1: Load simple PKM from file... ✓ PASS
Test 2: Load PKM with one joint... ✓ PASS
Test 3: Joint ID parsed correctly... ✓ PASS
Test 4: Joint type parsed correctly... ✓ PASS
Test 5: Joint limits parsed correctly... ✓ PASS
Test 6: Load PKM with three joints... ✓ PASS
Test 7: Chain parsed correctly... ✓ PASS
Test 8: All joint IDs parsed... ✓ PASS
Test 9: Nonexistent file returns error... ✓ PASS
Test 10: PKM without version fails validation... ✓ PASS

========================================
Summary:
  Total: 10
  Passed: 10 ✓
  Failed: 0 ✗
========================================
✅ All PKM loader tests passed
<end of output>
Test time =   0.01 sec
----------------------------------------------------------
Test Passed.
"PKMLoaderTests" end time: Mar 27 10:44 PDT
"PKMLoaderTests" time elapsed: 00:00:00
----------------------------------------------------------

5/45 Testing: ExpressionEvalTests
5/45 Test: ExpressionEvalTests
Command: "/mnt/c/dev/praxis-cadcam/engine/build/tests/kernel/test_expression_eval"
Directory: /mnt/c/dev/praxis-cadcam/engine/build/tests/kernel
"ExpressionEvalTests" start time: Mar 27 10:44 PDT
Output:
----------------------------------------------------------
========================================
Expression Evaluator Test Suite
========================================

Test 1: Variable lookup... ✓ PASS
Test 2: Constant value... ✓ PASS
Test 3: Addition... ✓ PASS
Test 4: Subtraction... ✓ PASS
Test 5: Multiplication... ✓ PASS
Test 6: Division... ✓ PASS
Test 7: Parentheses... ✓ PASS
Test 8: Operator precedence... ✓ PASS
Test 9: Complex expression... ✓ PASS
Test 10: Negative numbers... ✓ PASS
Test 11: Unknown variable error... ✓ PASS
Test 12: Division by zero error... ✓ PASS

========================================
Summary:
  Total: 12
  Passed: 12 ✓
  Failed: 0 ✗
========================================
✅ All expression evaluator tests passed
<end of output>
Test time =   0.01 sec
----------------------------------------------------------
Test Passed.
"ExpressionEvalTests" end time: Mar 27 10:44 PDT
"ExpressionEvalTests" time elapsed: 00:00:00
----------------------------------------------------------

6/45 Testing: RecipePKMValidationTests
6/45 Test: RecipePKMValidationTests
Command: "/mnt/c/dev/praxis-cadcam/engine/build/tests/kernel/test_recipe_pkm_validation"
Directory: /mnt/c/dev/praxis-cadcam/engine/build/tests/kernel
"RecipePKMValidationTests" start time: Mar 27 10:44 PDT
Output:
----------------------------------------------------------
========================================
Recipe-PKM Validation Test Suite
========================================

Test 1: Valid body binding... ✓ PASS
Test 2: Invalid body reference rejected... ✓ PASS
Test 3: Multiple valid bindings... ✓ PASS
Test 4: Mixed valid/invalid bindings rejected... ✓ PASS
Test 5: Compound nodes skip body validation... ✓ PASS
Test 6: Missing binding rejected... ✓ PASS

========================================
Summary:
  Total: 6
  Passed: 6 ✓
  Failed: 0 ✗
========================================
✅ All recipe-PKM validation tests passed
<end of output>
Test time =   0.01 sec
----------------------------------------------------------
Test Passed.
"RecipePKMValidationTests" end time: Mar 27 10:44 PDT
"RecipePKMValidationTests" time elapsed: 00:00:00
----------------------------------------------------------

7/45 Testing: RecipeExecutorTests
7/45 Test: RecipeExecutorTests
Command: "/mnt/c/dev/praxis-cadcam/engine/build/tests/kernel/test_recipe_executor"
Directory: /mnt/c/dev/praxis-cadcam/engine/build/tests/kernel
"RecipeExecutorTests" start time: Mar 27 10:44 PDT
Output:
----------------------------------------------------------
========================================
Recipe Executor Validation Tests
========================================

Test 1: Valid variant with in-range overrides... ✓ PASS
Test 2: Variant out-of-range override rejected... ✓ PASS
Test 3: Unknown variant name rejected... ✓ PASS
Test 4: Invalid frame binding rejected... ✓ PASS
Test 5: Valid frame binding passes... ✓ PASS
Test 6: Empty frame binding passes... ✓ PASS

========================================
Summary:
  Total: 6
  Passed: 6 ✓
  Failed: 0 ✗
========================================
✅ All recipe executor validation tests passed
<end of output>
Test time =   0.02 sec
----------------------------------------------------------
Test Passed.
"RecipeExecutorTests" end time: Mar 27 10:44 PDT
"RecipeExecutorTests" time elapsed: 00:00:00
----------------------------------------------------------

8/45 Testing: ReasoningEngineTests
8/45 Test: ReasoningEngineTests
Command: "/mnt/c/dev/praxis-cadcam/engine/build/tests/kernel/test_reasoning_engine"
Directory: /mnt/c/dev/praxis-cadcam/engine/build/tests/kernel
"ReasoningEngineTests" start time: Mar 27 10:44 PDT
Output:
----------------------------------------------------------
========================================
Reasoning Engine Test Suite
========================================

Test 1: Travel X warning triggers correctly... ✓ PASS
Test 2: Travel Y warning triggers correctly... ✓ PASS
Test 3: Travel Z warning triggers correctly... ✓ PASS
Test 4: No warnings for travel within limits... ✓ PASS
Test 5: Unusual table aspect ratio triggers info... ✓ PASS
Test 6: Spindle clearance risk triggers warning... ✓ PASS
Test 7: Rule registry contains expected rules... ✓ PASS
  Registered rules: 3

========================================
Summary:
  Total: 7
  Passed: 7 ✓
  Failed: 0 ✗
========================================
✅ All reasoning engine tests passed
<end of output>
Test time =   0.01 sec
----------------------------------------------------------
Test Passed.
"ReasoningEngineTests" end time: Mar 27 10:44 PDT
"ReasoningEngineTests" time elapsed: 00:00:00
----------------------------------------------------------

9/45 Testing: RecipeCompositionTests
9/45 Test: RecipeCompositionTests
Command: "/mnt/c/dev/praxis-cadcam/engine/build/tests/kernel/test_recipe_composition"
Directory: /mnt/c/dev/praxis-cadcam/engine/build
"RecipeCompositionTests" start time: Mar 27 10:44 PDT
Output:
----------------------------------------------------------
========================================
Recipe Composition Test Suite
========================================

Test 1: Simple include loads successfully... ✓ PASS
Test 2: Simple include merges params... ✓ PASS
Test 3: Simple include merges nodes... ✓ PASS
Test 4: Simple include node has correct ID... ✓ PASS
Test 5: Param override loads successfully... ✓ PASS
Test 6: Param override applies to included param... ✓ PASS
Test 7: Multi-node recipe loads successfully... ✓ PASS
Test 8: Multi-node has correct count... ✓ PASS
Test 9: Multi-node: included node comes first... ✓ PASS
Test 10: Multi-node: local node comes second... ✓ PASS
Test 11: Circular include is detected... ✓ PASS
Test 12: Circular include error mentions 'Circular include'... ✓ PASS
Test 13: Invalid param override is detected... ✓ PASS
Test 14: Invalid param override error mentions 'Unknown parameter'... ✓ PASS
Test 15: Node ID collision is detected... ✓ PASS
Test 16: Node ID collision error mentions 'Duplicate node'... ✓ PASS
Test 17: Included recipe with kinematics is rejected... ✓ PASS
Test 18: Kinematics error mentions 'cannot specify'... ✓ PASS
Test 19: Units mismatch is detected... ✓ PASS
Test 20: Units mismatch error mentions 'units'... ✓ PASS
Test 21: Provenance: recipe loads successfully... ✓ PASS
Test 22: Provenance: source info populated on included node... ✓ PASS
Test 23: Provenance: included node path contains recipe name... ✓ PASS
Test 24: Provenance: included node has operation index... ✓ PASS
Test 25: Provenance: local node has source info... ✓ PASS
Test 26: Namespace loads successfully... ✓ PASS
Test 27: Namespace: qualified params merged... ✓ PASS
Test 28: Namespace: no flat merge of params... ✓ PASS
Test 29: Namespace: namespace tracked in source... ✓ PASS
Test 30: Reserved namespace rejected... ✓ PASS
Test 31: Reserved namespace error message... ✓ PASS
Test 32: Invalid namespace regex rejected... ✓ PASS
Test 33: Invalid namespace error message... ✓ PASS
Test 34: Duplicate namespace rejected... ✓ PASS
Test 35: Duplicate namespace error message... ✓ PASS

========================================
Results: 35/35 tests passed
========================================
<end of output>
Test time =   0.18 sec
----------------------------------------------------------
Test Passed.
"RecipeCompositionTests" end time: Mar 27 10:44 PDT
"RecipeCompositionTests" time elapsed: 00:00:00
----------------------------------------------------------

10/45 Testing: PlanHashTests
10/45 Test: PlanHashTests
Command: "/mnt/c/dev/praxis-cadcam/engine/build/tests/kernel/test_plan_hash"
Directory: /mnt/c/dev/praxis-cadcam/engine/build/tests/kernel
"PlanHashTests" start time: Mar 27 10:44 PDT
Output:
----------------------------------------------------------

=== Sprint 5 Phase 2+3: Plan Hash Tests ===

Hash computed: 32a031ec6dfa3ad2b31c9d3d4cef466a6f219c4cda4e292d408fd5a08076ec43
✓ test_hash_computed passed
Hash 1: 32a031ec6dfa3ad2b31c9d3d4cef466a6f219c4cda4e292d408fd5a08076ec43
Hash 2: 32a031ec6dfa3ad2b31c9d3d4cef466a6f219c4cda4e292d408fd5a08076ec43
✓ test_hash_stability passed
Hash 1 (dx=100): 32a031ec6dfa3ad2b31c9d3d4cef466a6f219c4cda4e292d408fd5a08076ec43
Hash 2 (dx=101): 837a7aaaf700654a8e9631e44918a29f1492d10e124a4bbe6a11a35f8b824edc
✓ test_hash_sensitivity passed
Canonical JSON:
{
  "engine_version": "0.1.0",
  "kernel_version": "OCE-0.17",
  "kinematics_sha256": "",
  "output_node": "box",
  "final_params": {
    "dx": 100,
    "dy": 50,
    "dz": 25
  },
  "includes": [
  ],
  "operations": [
    {
      "node_id": "box",
      "op": "make_box",
      "source": {
        "recipe": "",
        "namespace": "",
        "index": -1
      },
      "resolved_args": {
        "dx": 100,
        "dy": 50,
        "dz": 25
      }
    }
  ]
}
✓ test_canonical_json passed
Validation correctly rejected NaN: NaN in final_params[dx]
✓ test_validation_rejects_nan passed
Validation correctly rejected Infinity: Infinity in operations[0].resolved_args[dx]
✓ test_validation_rejects_infinity passed
Validation correctly rejected missing version: missing engine_version
✓ test_validation_rejects_missing_version passed
Hash with kinematics aaa111: 7c32d0bcf37a6a44b5653a17c4a2fc95b7f136e81a041951e15d4dc38944140e
Hash with kinematics bbb222: f6d80c9d3c765e633aba0c65d7bdb9cbaae1c927ec825b43b7baeaa5bead66e5
✓ test_kinematics_content_affects_hash passed

✓ All hash and validation tests passed!
<end of output>
Test time =   0.01 sec
----------------------------------------------------------
Test Passed.
"PlanHashTests" end time: Mar 27 10:44 PDT
"PlanHashTests" time elapsed: 00:00:00
----------------------------------------------------------

11/45 Testing: CacheTests
11/45 Test: CacheTests
Command: "/mnt/c/dev/praxis-cadcam/engine/build/tests/kernel/test_cache"
Directory: /mnt/c/dev/praxis-cadcam/engine/build
"CacheTests" start time: Mar 27 10:44 PDT
Output:
----------------------------------------------------------
========================================
Cache Behavior Verification Test
========================================

Test 1: First execution (cache miss)
--------------------------------------
Cache miss (Cache entry missing or invalid), executing geometry
[32;1m
*******************************************************************
******        Statistics on Transfer (Write)                 ******[0m
[32;1m
*******************************************************************
******        Transfer Mode = 0  I.E.  As Is       ******[0m
[32;1m******        Transferring Shape, ShapeType = 2                      ******[0m
[32;1m** WorkSession : Sending all data[0m
[32;1m Step File Name : ./test_cache_dir/v1/sha256/71/71a5b220071e2819a4b2a61dd609bc457691a78e00c7234d0a7b577bdaa52c73.tmp_417/outputs/out.step(350 ents)  Write  Done[0m
  Node[0] box: executed
[32;1m
*******************************************************************
******        Statistics on Transfer (Write)                 ******[0m
[32;1m
*******************************************************************
******        Transfer Mode = 0  I.E.  As Is       ******[0m
[32;1m******        Transferring Shape, ShapeType = 2                      ******[0m
[32;1m** WorkSession : Sending all data[0m
[32;1m Step File Name : test_cache_out1/model.step(350 ents)  Write  Done[0m
✓ Cached: 85f8bc82e95221bcf5212b61dd741a8d32bfef1d99c65697bcadf91165085827
✓ Executed 1 ops (cold start)
First execution: SUCCESS
  kernel_ops executed: 4
  plan_hash: 85f8bc82e95221bcf5212b61dd741a8d32bfef1d99c65697bcadf91165085827
  cache_hit: 0
  step_file: test_cache_out1/model.step

Test 2: Second execution with same recipe (cache hit)
------------------------------------------------------
✓ Cache hit: 85f8bc82e95221bcf5212b61dd741a8d32bfef1d99c65697bcadf91165085827
  Reused 3 artifacts
Cache hit, geometry execution skipped
Second execution: SUCCESS
  kernel_ops executed: 0
  plan_hash: 85f8bc82e95221bcf5212b61dd741a8d32bfef1d99c65697bcadf91165085827
  cache_hit: 1
  step_file: test_cache_out2/model.step

Test 3: Modified recipe (cache miss, different hash)
-----------------------------------------------------
Cache miss (Cache entry missing or invalid), executing geometry
[32;1m
*******************************************************************
******        Statistics on Transfer (Write)                 ******[0m
[32;1m
*******************************************************************
******        Transfer Mode = 0  I.E.  As Is       ******[0m
[32;1m******        Transferring Shape, ShapeType = 2                      ******[0m
[32;1m** WorkSession : Sending all data[0m
[32;1m Step File Name : ./test_cache_dir/v1/sha256/ee/eea3dc5a58fb2c17d712ebf6f1b14dd4b361b35f469b815baa5f5f3959a26cc5.tmp_417/outputs/out.step(350 ents)  Write  Done[0m
  Node[0] box: executed
[32;1m
*******************************************************************
******        Statistics on Transfer (Write)                 ******[0m
[32;1m
*******************************************************************
******        Transfer Mode = 0  I.E.  As Is       ******[0m
[32;1m******        Transferring Shape, ShapeType = 2                      ******[0m
[32;1m** WorkSession : Sending all data[0m
[32;1m Step File Name : test_cache_out3/model.step(350 ents)  Write  Done[0m
✓ Cached: 2ded75be0ed8dccec364e56bbe2dc98216441ddc84958625d6dcffb1bae6dccc
✓ Executed 1 ops (cold start)
Third execution: SUCCESS
  kernel_ops executed: 4
  plan_hash: 2ded75be0ed8dccec364e56bbe2dc98216441ddc84958625d6dcffb1bae6dccc
  cache_hit: 0
  step_file: test_cache_out3/model.step

========================================
ALL CACHE TESTS PASSED!
========================================
<end of output>
Test time =   0.37 sec
----------------------------------------------------------
Test Passed.
"CacheTests" end time: Mar 27 10:44 PDT
"CacheTests" time elapsed: 00:00:00
----------------------------------------------------------

12/45 Testing: CacheFlagsTests
12/45 Test: CacheFlagsTests
Command: "/mnt/c/dev/praxis-cadcam/engine/build/tests/kernel/test_cache_flags"
Directory: /mnt/c/dev/praxis-cadcam/engine/build
"CacheFlagsTests" start time: Mar 27 10:44 PDT
Output:
----------------------------------------------------------
========================================
Cache Control Flags Test (Sprint 5 Phase 6)
========================================

Test 1: Normal execution (builds cache)
--------------------------------------
Cache miss (Cache entry missing or invalid), executing geometry
[32;1m
*******************************************************************
******        Statistics on Transfer (Write)                 ******[0m
[32;1m
*******************************************************************
******        Transfer Mode = 0  I.E.  As Is       ******[0m
[32;1m******        Transferring Shape, ShapeType = 2                      ******[0m
[32;1m** WorkSession : Sending all data[0m
[32;1m Step File Name : ./test_cache_flags_dir/v1/sha256/d8/d81a41938f57ad2b5f39c6eec14fd38731be87e40cbc98ce56c86dda650d89de.tmp_418/outputs/out.step(350 ents)  Write  Done[0m
  Node[0] box1: executed
[32;1m
*******************************************************************
******        Statistics on Transfer (Write)                 ******[0m
[32;1m
*******************************************************************
******        Transfer Mode = 0  I.E.  As Is       ******[0m
[32;1m******        Transferring Shape, ShapeType = 2                      ******[0m
[32;1m** WorkSession : Sending all data[0m
[32;1m Step File Name : test_cache_flags_out1/model.step(350 ents)  Write  Done[0m
✓ Cached: eaeae9fc26f805d32dfc0f21f0fa8be50b684690a5d228d6bd55766b210a10dc
✓ Executed 1 ops (cold start)
First execution: SUCCESS
  kernel_ops executed: 4
  cache_hit: 0

Test 2: Second execution (cache hit)
--------------------------------------
✓ Cache hit: eaeae9fc26f805d32dfc0f21f0fa8be50b684690a5d228d6bd55766b210a10dc
  Reused 3 artifacts
Cache hit, geometry execution skipped
Second execution: SUCCESS
  kernel_ops executed: 0
  cache_hit: 1

Test 3: With --no-cache (forces execution)
--------------------------------------
Cache disabled via --no-cache flag, executing geometry
  Node[0] box1: executed
[32;1m
*******************************************************************
******        Statistics on Transfer (Write)                 ******[0m
[32;1m
*******************************************************************
******        Transfer Mode = 0  I.E.  As Is       ******[0m
[32;1m******        Transferring Shape, ShapeType = 2                      ******[0m
[32;1m** WorkSession : Sending all data[0m
[32;1m Step File Name : test_cache_flags_out3/model.step(350 ents)  Write  Done[0m
✓ Executed 1 ops (cold start)
Third execution: SUCCESS
  kernel_ops executed: 4
  cache_hit: 0
  cache_reason: Cache disabled via --no-cache flag

Test 4: With --clear-cache (clears and rebuilds)
--------------------------------------
Cache exists before clear: yes
Clearing cache directory: ./test_cache_flags_dir
✓ Cache cleared
Cache miss (Cache entry missing or invalid), executing geometry
[32;1m
*******************************************************************
******        Statistics on Transfer (Write)                 ******[0m
[32;1m
*******************************************************************
******        Transfer Mode = 0  I.E.  As Is       ******[0m
[32;1m******        Transferring Shape, ShapeType = 2                      ******[0m
[32;1m** WorkSession : Sending all data[0m
[32;1m Step File Name : ./test_cache_flags_dir/v1/sha256/d8/d81a41938f57ad2b5f39c6eec14fd38731be87e40cbc98ce56c86dda650d89de.tmp_418/outputs/out.step(350 ents)  Write  Done[0m
  Node[0] box1: executed
[32;1m
*******************************************************************
******        Statistics on Transfer (Write)                 ******[0m
[32;1m
*******************************************************************
******        Transfer Mode = 0  I.E.  As Is       ******[0m
[32;1m******        Transferring Shape, ShapeType = 2                      ******[0m
[32;1m** WorkSession : Sending all data[0m
[32;1m Step File Name : test_cache_flags_out4/model.step(350 ents)  Write  Done[0m
✓ Cached: eaeae9fc26f805d32dfc0f21f0fa8be50b684690a5d228d6bd55766b210a10dc
✓ Executed 1 ops (cold start)
Fourth execution: SUCCESS
  kernel_ops executed: 4
  cache_hit: 0

Test 5: After clear, cache rebuilt (cache hit)
--------------------------------------
✓ Cache hit: eaeae9fc26f805d32dfc0f21f0fa8be50b684690a5d228d6bd55766b210a10dc
  Reused 3 artifacts
Cache hit, geometry execution skipped
Fifth execution: SUCCESS
  kernel_ops executed: 0
  cache_hit: 1

========================================
ALL CACHE FLAG TESTS PASSED!
========================================
<end of output>
Test time =   0.42 sec
----------------------------------------------------------
Test Passed.
"CacheFlagsTests" end time: Mar 27 10:44 PDT
"CacheFlagsTests" time elapsed: 00:00:00
----------------------------------------------------------

13/45 Testing: ExecutionGraphTests
13/45 Test: ExecutionGraphTests
Command: "/mnt/c/dev/praxis-cadcam/engine/build/tests/kernel/test_execution_graph"
Directory: /mnt/c/dev/praxis-cadcam/engine/build/tests/kernel
"ExecutionGraphTests" start time: Mar 27 10:44 PDT
Output:
----------------------------------------------------------
========================================\nExecutionGraph Tests (Sprint 6 Phase 1)\n========================================\n\nTest 1: Graph determinism\n--------------------------------------\n✓ Graph JSON matches byte-for-byte on repeated builds\n✓ Graph has 4 nodes\n\nTest 2: Dependency ordering deterministic\n--------------------------------------\n✓ Node 0 (box1) has no dependencies\n✓ Node 1 (box2) has no dependencies\n✓ Node 2 (moved) depends on node 0\n✓ Node 3 (assembly) depends on nodes [1, 2] (sorted)\n\nTest 3: Missing dependency fails loudly\n--------------------------------------\n✓ Caught expected error: Graph build error: node 'moved' depends on non-existent node 'nonexistent'\n\n========================================\nALL EXECUTION GRAPH TESTS PASSED!\n========================================\n
<end of output>
Test time =   0.01 sec
----------------------------------------------------------
Test Passed.
"ExecutionGraphTests" end time: Mar 27 10:44 PDT
"ExecutionGraphTests" time elapsed: 00:00:00
----------------------------------------------------------

14/45 Testing: OpHashTests
14/45 Test: OpHashTests
Command: "/mnt/c/dev/praxis-cadcam/engine/build/tests/kernel/test_op_hash"
Directory: /mnt/c/dev/praxis-cadcam/engine/build/tests/kernel
"OpHashTests" start time: Mar 27 10:44 PDT
Output:
----------------------------------------------------------
========================================\nOp Hash Tests (Sprint 6 Phase 2)\n========================================\n\nTest 1: Hash determinism\n--------------------------------------\n  Node 0 (box1): d81a41938f57ad2b...\n  Node 1 (moved): 7acceb622414c0ac...\n✓ All hashes are deterministic (byte-identical)\n\nTest 2: Arg sensitivity\n--------------------------------------\n✓ Changing arg dx: 10.0 → 10.1 changed node 0 hash\n  Old: d81a41938f57ad2b...\n  New: c27d59f595c285ad...\n\nTest 3: Dependency propagation\n--------------------------------------\n✓ Node 0 (box1) hash changed\n✓ Node 1 (moved) hash also changed (propagated from dep)\n\nTest 4: Version invalidation\n--------------------------------------\n✓ Changing kernel_version invalidates all hashes\n  Version A: 7.6.3\n  Version B: different_version\n\n========================================\nALL OP HASH TESTS PASSED!\n========================================\n
<end of output>
Test time =   0.01 sec
----------------------------------------------------------
Test Passed.
"OpHashTests" end time: Mar 27 10:44 PDT
"OpHashTests" time elapsed: 00:00:00
----------------------------------------------------------

15/45 Testing: OpCacheTests
15/45 Test: OpCacheTests
Command: "/mnt/c/dev/praxis-cadcam/engine/build/tests/kernel/test_op_cache"
Directory: /mnt/c/dev/praxis-cadcam/engine/build/tests/kernel
"OpCacheTests" start time: Mar 27 10:44 PDT
Output:
----------------------------------------------------------
========================================\nOp Cache Tests (Sprint 6 Phase 3)\n========================================\n\nTest 1: Store and load\n--------------------------------------\n✓ Cache miss on first load\n✓ Store committed successfully\n✓ Cache hit on second load\n  Entry dir: "/tmp/praxis_test_opcache/v1/sha256/ab/abcdef1234567890abcdef1234567890abcdef1234567890abcdef1234567890"\n  Output: "/tmp/praxis_test_opcache/v1/sha256/ab/abcdef1234567890abcdef1234567890abcdef1234567890abcdef1234567890/outputs/out.step"\n\nTest 2: Directory sharding\n--------------------------------------\n✓ Entries stored in separate shard directories\n  ab/ shard: /tmp/praxis_test_opcache/v1/sha256/ab\n  cd/ shard: /tmp/praxis_test_opcache/v1/sha256/cd\n\nTest 3: Atomic write abort\n--------------------------------------\n✓ Staging directory created: "/tmp/praxis_test_opcache/v1/sha256/fe/fedcba0987654321fedcba0987654321fedcba0987654321fedcba0987654321.tmp_421"\n✓ Staging directory cleaned up after abort\n✓ Entry not visible after abort\n\nTest 4: Meta JSON serialization\n--------------------------------------\n✓ Meta JSON contains all fields\n  Sample:\n{
  "schema_version": 1,
  "op_hash": "abc123",
  "engine_version": "0.6.0",
  "kernel_version": "6.9.1",
  "created_at": "2026-01-05T12:00:00Z",
  "producer": "praxis-engine",
  "outputs": [
    {
  ...\n\n========================================\nALL OP CACHE TESTS PASSED!\n========================================\n
<end of output>
Test time =   0.01 sec
----------------------------------------------------------
Test Passed.
"OpCacheTests" end time: Mar 27 10:44 PDT
"OpCacheTests" time elapsed: 00:00:00
----------------------------------------------------------

16/45 Testing: OpCacheIntegrationTests
16/45 Test: OpCacheIntegrationTests
Command: "/mnt/c/dev/praxis-cadcam/engine/build/tests/kernel/test_op_cache_integration"
Directory: /mnt/c/dev/praxis-cadcam/engine/build/tests/kernel
"OpCacheIntegrationTests" start time: Mar 27 10:44 PDT
Output:
----------------------------------------------------------

=== Op Cache Integration Tests ===

Test 1: First run executes all 4 nodes...
Cache miss (Cache entry missing or invalid), executing geometry
[32;1m
*******************************************************************
******        Statistics on Transfer (Write)                 ******[0m
[32;1m
*******************************************************************
******        Transfer Mode = 0  I.E.  As Is       ******[0m
[32;1m******        Transferring Shape, ShapeType = 2                      ******[0m
[32;1m** WorkSession : Sending all data[0m
[32;1m Step File Name : /tmp/praxis_op_cache_integration_test/cache/v1/sha256/d8/d81a41938f57ad2b5f39c6eec14fd38731be87e40cbc98ce56c86dda650d89de.tmp_422/outputs/out.step(350 ents)  Write  Done[0m
  Node[0] box1: executed
[32;1m
*******************************************************************
******        Statistics on Transfer (Write)                 ******[0m
[32;1m
*******************************************************************
******        Transfer Mode = 0  I.E.  As Is       ******[0m
[32;1m******        Transferring Shape, ShapeType = 2                      ******[0m
[32;1m** WorkSession : Sending all data[0m
[32;1m Step File Name : /tmp/praxis_op_cache_integration_test/cache/v1/sha256/7f/7fc2bf4a755acb65e125e7681b510c5d2fc423ebfcce67b19a25961787a96af6.tmp_422/outputs/out.step(350 ents)  Write  Done[0m
  Node[1] moved: executed
[32;1m
*******************************************************************
******        Statistics on Transfer (Write)                 ******[0m
[32;1m
*******************************************************************
******        Transfer Mode = 0  I.E.  As Is       ******[0m
[32;1m******        Transferring Shape, ShapeType = 2                      ******[0m
[32;1m** WorkSession : Sending all data[0m
[32;1m Step File Name : /tmp/praxis_op_cache_integration_test/cache/v1/sha256/af/af6430a39e50e2a8f729f779a2d73cb6c94b25f06db8623f8b24924b153d12ec.tmp_422/outputs/out.step(350 ents)  Write  Done[0m
  Node[2] box2: executed
[32;1m
*******************************************************************
******        Statistics on Transfer (Write)                 ******[0m
[32;1m
*******************************************************************
******        Transfer Mode = 0  I.E.  As Is       ******[0m
[32;1m******        Transferring Shape, ShapeType = 0                      ******[0m
[32;1m** WorkSession : Sending all data[0m
[32;1m Step File Name : /tmp/praxis_op_cache_integration_test/cache/v1/sha256/c3/c3750cc9232a761604c1024bec5e1d560fb62c9562de531ef3df3e496223bddd.tmp_422/outputs/out.step(726 ents)  Write  Done[0m
  Node[3] result: executed
[32;1m
*******************************************************************
******        Statistics on Transfer (Write)                 ******[0m
[32;1m
*******************************************************************
******        Transfer Mode = 0  I.E.  As Is       ******[0m
[32;1m******        Transferring Shape, ShapeType = 0                      ******[0m
[32;1m** WorkSession : Sending all data[0m
[32;1m Step File Name : /tmp/praxis_op_cache_integration_test/test1/model.step(726 ents)  Write  Done[0m
✓ Cached: 65d7b7337a8cb2ed3fde7a9c289b4d7644e861c888672f16e97238f46ce2389a
✓ Executed 4 ops (cold start)
  ✓ PASS: 4 nodes executed, 0 reused, 0% cache hit rate

Test 2: Plan cache hit skips execution entirely...
✓ Cache hit: 65d7b7337a8cb2ed3fde7a9c289b4d7644e861c888672f16e97238f46ce2389a
  Reused 3 artifacts
Cache hit, geometry execution skipped
  ✓ PASS: Plan cache hit, no op execution needed (fastest path)

Test 3: Upstream parameter change invalidates affected nodes...
Cache miss (Cache entry missing or invalid), executing geometry
[32;1m
*******************************************************************
******        Statistics on Transfer (Write)                 ******[0m
[32;1m
*******************************************************************
******        Transfer Mode = 0  I.E.  As Is       ******[0m
[32;1m******        Transferring Shape, ShapeType = 2                      ******[0m
[32;1m** WorkSession : Sending all data[0m
[32;1m Step File Name : /tmp/praxis_op_cache_integration_test/cache/v1/sha256/a9/a94353c86897d43c0a7b1a0fa3e692462ecad8b470442510e06c7b2bb81b0aea.tmp_422/outputs/out.step(350 ents)  Write  Done[0m
  Node[0] box1: executed
[32;1m
*******************************************************************
******        Statistics on Transfer (Write)                 ******[0m
[32;1m
*******************************************************************
******        Transfer Mode = 0  I.E.  As Is       ******[0m
[32;1m******        Transferring Shape, ShapeType = 2                      ******[0m
[32;1m** WorkSession : Sending all data[0m
[32;1m Step File Name : /tmp/praxis_op_cache_integration_test/cache/v1/sha256/07/07a595d1ff1f705cb1d8bdee3be856fb707d7367f4ee918af71e39547d9ddb92.tmp_422/outputs/out.step(350 ents)  Write  Done[0m
  Node[1] moved: executed
  Node[2] box2: cache hit (reused)
[32;1m
*******************************************************************
******        Statistics on Transfer (Write)                 ******[0m
[32;1m
*******************************************************************
******        Transfer Mode = 0  I.E.  As Is       ******[0m
[32;1m******        Transferring Shape, ShapeType = 0                      ******[0m
[32;1m** WorkSession : Sending all data[0m
[32;1m Step File Name : /tmp/praxis_op_cache_integration_test/cache/v1/sha256/93/935f7969ae0888c7167c89395d794010ac453b1d653e74b3aa90d859a1f69dd0.tmp_422/outputs/out.step(726 ents)  Write  Done[0m
  Node[3] result: executed
[32;1m
*******************************************************************
******        Statistics on Transfer (Write)                 ******[0m
[32;1m
*******************************************************************
******        Transfer Mode = 0  I.E.  As Is       ******[0m
[32;1m******        Transferring Shape, ShapeType = 0                      ******[0m
[32;1m** WorkSession : Sending all data[0m
[32;1m Step File Name : /tmp/praxis_op_cache_integration_test/test3/model.step(726 ents)  Write  Done[0m
✓ Cached: 4196639e0e392a6bebc3bd950233aebdd11f7f57ab18db36d26eacb4442d5cdb
✓ Executed 3 ops, reused 1 from cache (25% hit rate)
  ✓ PASS: 3 nodes executed (affected by param change), 1 reused (box2 independent)

Test 4: --no-cache flag disables op cache...
Cache disabled via --no-cache flag, executing geometry
  Node[0] box1: executed
  Node[1] moved: executed
  Node[2] box2: executed
  Node[3] result: executed
[32;1m
*******************************************************************
******        Statistics on Transfer (Write)                 ******[0m
[32;1m
*******************************************************************
******        Transfer Mode = 0  I.E.  As Is       ******[0m
[32;1m******        Transferring Shape, ShapeType = 0                      ******[0m
[32;1m** WorkSession : Sending all data[0m
[32;1m Step File Name : /tmp/praxis_op_cache_integration_test/test4/model.step(726 ents)  Write  Done[0m
✓ Executed 4 ops (cold start)
  ✓ PASS: All 4 nodes executed (op cache disabled by flag)

Test 5: Node status structure is correctly populated...
Cache miss (Cache entry missing or invalid), executing geometry
[32;1m
*******************************************************************
******        Statistics on Transfer (Write)                 ******[0m
[32;1m
*******************************************************************
******        Transfer Mode = 0  I.E.  As Is       ******[0m
[32;1m******        Transferring Shape, ShapeType = 2                      ******[0m
[32;1m** WorkSession : Sending all data[0m
[32;1m Step File Name : /tmp/praxis_op_cache_integration_test/cache/v1/sha256/76/7647ed1a25349fa72c118d0f1067de0b401eb1a60e8da9bcec34b3e1d91a6e55.tmp_422/outputs/out.step(350 ents)  Write  Done[0m
  Node[0] box1: executed
[32;1m
*******************************************************************
******        Statistics on Transfer (Write)                 ******[0m
[32;1m
*******************************************************************
******        Transfer Mode = 0  I.E.  As Is       ******[0m
[32;1m******        Transferring Shape, ShapeType = 2                      ******[0m
[32;1m** WorkSession : Sending all data[0m
[32;1m Step File Name : /tmp/praxis_op_cache_integration_test/cache/v1/sha256/c0/c06299901fc96c8b1ce2cdad6178193a3d96f2628052a6729cb2b4f30ed32d12.tmp_422/outputs/out.step(350 ents)  Write  Done[0m
  Node[1] moved: executed
  Node[2] box2: cache hit (reused)
[32;1m
*******************************************************************
******        Statistics on Transfer (Write)                 ******[0m
[32;1m
*******************************************************************
******        Transfer Mode = 0  I.E.  As Is       ******[0m
[32;1m******        Transferring Shape, ShapeType = 0                      ******[0m
[32;1m** WorkSession : Sending all data[0m
[32;1m Step File Name : /tmp/praxis_op_cache_integration_test/cache/v1/sha256/11/11119a9848e351495eb53dd04fdd16fd1c6e5ab924c57e9ee44ebdf56ecf26fd.tmp_422/outputs/out.step(726 ents)  Write  Done[0m
  Node[3] result: executed
[32;1m
*******************************************************************
******        Statistics on Transfer (Write)                 ******[0m
[32;1m
*******************************************************************
******        Transfer Mode = 0  I.E.  As Is       ******[0m
[32;1m******        Transferring Shape, ShapeType = 0                      ******[0m
[32;1m** WorkSession : Sending all data[0m
[32;1m Step File Name : /tmp/praxis_op_cache_integration_test/test5/model.step(726 ents)  Write  Done[0m
✓ Cached: 6a166fd78411608200ca96d82a7f0fb615b8720b5aa054bef8c87fa65b0cad78
✓ Executed 3 ops, reused 1 from cache (25% hit rate)
  ✓ PASS: All nodes have op_hash, artifact_path, and status

=================================
Tests passed: 5/5
=================================

<end of output>
Test time =   0.09 sec
----------------------------------------------------------
Test Passed.
"OpCacheIntegrationTests" end time: Mar 27 10:44 PDT
"OpCacheIntegrationTests" time elapsed: 00:00:00
----------------------------------------------------------

17/45 Testing: CacheConcurrentTests
17/45 Test: CacheConcurrentTests
Command: "/mnt/c/dev/praxis-cadcam/engine/build/tests/kernel/test_cache_concurrent"
Directory: /mnt/c/dev/praxis-cadcam/engine/build/tests/kernel
"CacheConcurrentTests" start time: Mar 27 10:44 PDT
Output:
----------------------------------------------------------
Sprint 6 Phase 4: Concurrent Writer Tests
==========================================

=== Test 1: Concurrent threads writing same hash ===
[Worker 2] Acquired lock, writing to staging...
[Worker 1] Acquired lock, writing to staging...
[Worker 2] Commit succeeded
[Worker 1] Exception: filesystem error: cannot get file size: No such file or directory [/tmp/test_concurrent_threads/v1/sha256/ab/abc123concurrent.tmp_423/outputs/out.step]

Results:
  Locks acquired: 2
  Commits succeeded: 1
  Final content: "Worker 1 was here"
PASS: Only one worker successfully committed

=== Test 2: Second writer preserves existing entry ===
[Worker 1] Acquired lock, writing to staging...
[Worker 1] Commit succeeded

First writer committed successfully
PASS: Existing entry remains valid after second writer attempt

=== Test 3: Staging cleanup after commit ===
PASS: Staging cleaned and final entry present after commit

=== Test 4: Staging cleanup after abort ===
PASS: Staging cleaned up after abort

==========================================
All concurrent writer tests PASSED
<end of output>
Test time =   0.23 sec
----------------------------------------------------------
Test Passed.
"CacheConcurrentTests" end time: Mar 27 10:44 PDT
"CacheConcurrentTests" time elapsed: 00:00:00
----------------------------------------------------------

18/45 Testing: CacheOrphanCleanupTests
18/45 Test: CacheOrphanCleanupTests
Command: "/mnt/c/dev/praxis-cadcam/engine/build/tests/kernel/test_cache_orphan_cleanup"
Directory: /mnt/c/dev/praxis-cadcam/engine/build/tests/kernel
"CacheOrphanCleanupTests" start time: Mar 27 10:44 PDT
Output:
----------------------------------------------------------
Sprint 6 Phase 4: Orphan Cleanup Tests
=======================================

=== Test 1: Cleanup old temp directories ===
Created temp directories:
  Old (2 days): "abc123hash.tmp_12345"
  Recent: "def456hash.tmp_67890"

Cleanup results:
  Temp dirs removed: 1
  Lock dirs removed: 0
PASS: Old temp removed, recent temp preserved

=== Test 2: Cleanup old lock directories ===
Created lock directories:
  Old (1 day): "cde789hash.lock"
  Recent: "fgh012hash.lock"

Cleanup results:
  Lock dirs removed: 1
PASS: Old lock removed, recent lock preserved

=== Test 3: Cleanup preserves valid cache entries ===
Cleanup removed: 1 temp dirs, 1 lock dirs
PASS: Valid entries preserved, orphans removed

=== Test 4: Cleanup handles empty orphan directories ===
Created empty orphan directories
Cleanup removed: 1 temp dirs, 1 lock dirs
PASS: Empty orphans removed correctly

=== Test 5: Cleanup respects age threshold (24 hours) ===
Created temp dirs: 23h old and 25h old
Cleanup removed: 1 temp dirs
PASS: Cleanup respects 24-hour age threshold

=======================================
All orphan cleanup tests PASSED
<end of output>
Test time =   0.02 sec
----------------------------------------------------------
Test Passed.
"CacheOrphanCleanupTests" end time: Mar 27 10:44 PDT
"CacheOrphanCleanupTests" time elapsed: 00:00:00
----------------------------------------------------------

19/45 Testing: CacheIntegrityTests
19/45 Test: CacheIntegrityTests
Command: "/mnt/c/dev/praxis-cadcam/engine/build/tests/kernel/test_cache_integrity"
Directory: /mnt/c/dev/praxis-cadcam/engine/build/tests/kernel
"CacheIntegrityTests" start time: Mar 27 10:44 PDT
Output:
----------------------------------------------------------
=================================================
Sprint 6 Phase 4: Cache Integrity Validation Tests
=================================================

Test 1: SHA256 detects tampered output file
--------------------------------------------
✓ Entry stored with SHA256: 26bc00aab228090c...
✓ Initial load: HIT
✓ Output file tampered
✓ After tampering: MISS
✅ Test 1 PASSED: SHA256 validation catches tampering

Test 2: Missing .complete marker causes miss
---------------------------------------------
✓ Initial load: HIT
✓ .complete marker removed
✓ After removing .complete: MISS
✅ Test 2 PASSED: Missing .complete marker prevents hit

Test 3: Missing output file causes miss
----------------------------------------
✓ Initial load: HIT
✓ Output file deleted
✓ After deleting output: MISS
✅ Test 3 PASSED: Missing output file prevents hit

Test 4: Corrupt meta.json causes parse error
---------------------------------------------
✓ Initial load: HIT
✓ meta.json corrupted
✓ After corruption: MISS
✅ Test 4 PASSED: Corrupt meta.json causes parse error

Test 5: Tampered SHA256 in meta causes validation failure
---------------------------------------------------------
✓ Initial load: HIT
✓ meta.json SHA256 tampered to all zeros
✓ After tampering SHA in meta: MISS
✅ Test 5 PASSED: Tampered meta SHA256 causes validation failure

=================================================
✅ ALL INTEGRITY TESTS PASSED
=================================================
<end of output>
Test time =   0.44 sec
----------------------------------------------------------
Test Passed.
"CacheIntegrityTests" end time: Mar 27 10:44 PDT
"CacheIntegrityTests" time elapsed: 00:00:00
----------------------------------------------------------

20/45 Testing: CacheStatsPruneTests
20/45 Test: CacheStatsPruneTests
Command: "/mnt/c/dev/praxis-cadcam/engine/build/tests/kernel/test_cache_stats_prune"
Directory: /mnt/c/dev/praxis-cadcam/engine/build/tests/kernel
"CacheStatsPruneTests" start time: Mar 27 10:44 PDT
Output:
----------------------------------------------------------
Sprint 6 Phase 4: Stats and Prune Correctness Tests
====================================================

=== Test 1: Cache stats collection ===
Cache stats:
  Entry count: 3
  Total bytes: 1426
  Schema version: 1
PASS: Stats collection accurate

=== Test 2: Prune by age (basic) ===
Prune results:
  Entries removed: 1
  Bytes freed: 448
FAIL: Old entry should be removed but has() still returns true
PASS: Prune correctly removed old entries

=== Test 3: Prune skips temp/lock directories ===
Prune results:
  Entries removed: 1
PASS: Prune correctly skipped temp/lock directories

=== Test 4: Stats accuracy after prune ===
Before prune: 5 entries, 2240 bytes
Pruned 3 entries, freed 1344 bytes
After prune: 2 entries, 896 bytes
PASS: Stats accurate after prune

====================================================
All stats/prune tests PASSED
<end of output>
Test time =   0.02 sec
----------------------------------------------------------
Test Passed.
"CacheStatsPruneTests" end time: Mar 27 10:44 PDT
"CacheStatsPruneTests" time elapsed: 00:00:00
----------------------------------------------------------

21/45 Testing: PlanHistoryTest
21/45 Test: PlanHistoryTest
Command: "/mnt/c/dev/praxis-cadcam/engine/build/tests/plan/test_plan_history"
Directory: /mnt/c/dev/praxis-cadcam/engine/build/tests/plan
"PlanHistoryTest" start time: Mar 27 10:44 PDT
Output:
----------------------------------------------------------
=== EPIC 1.3 Plan History Tests ===

[Test] create_initial_version
  ✓ Initial version created with v=1, parent=-1
[Test] duplicate_plan_rejected
  ✓ Duplicate plan creation throws error
[Test] add_step_patch
  ✓ AddStep creates v2 with appended operation
  ✓ Version 1 remains unchanged (immutability)
[Test] modify_step_patch
  ✓ ModifyStep creates v2 with updated operation
  ✓ Version 1 remains unchanged
[Test] remove_step_patch
  ✓ RemoveStep creates v2 with operation removed
  ✓ Version 1 remains unchanged (immutability)
[Test] invalid_target_version
  ✓ Invalid target version rejected
[Test] invalid_step_index
  ✓ Out-of-bounds ModifyStep index rejected
  ✓ Out-of-bounds RemoveStep index rejected
[Test] list_versions
  ✓ Version listing works correctly
  ✓ Latest version tracking correct
[Test] multiple_operations_in_patch
  ✓ Multiple operations in single patch work correctly
[Test] list_plans
  ✓ Plan listing works correctly

=== All tests passed ✓ ===
<end of output>
Test time =   0.01 sec
----------------------------------------------------------
Test Passed.
"PlanHistoryTest" end time: Mar 27 10:44 PDT
"PlanHistoryTest" time elapsed: 00:00:00
----------------------------------------------------------

22/45 Testing: PlanDeterminismTest
22/45 Test: PlanDeterminismTest
Command: "/mnt/c/dev/praxis-cadcam/engine/build/tests/plan/test_plan_determinism"
Directory: /mnt/c/dev/praxis-cadcam/engine/build/tests/plan
"PlanDeterminismTest" start time: Mar 27 10:44 PDT
Output:
----------------------------------------------------------
=== EPIC 1.6.3 Plan Determinism Tests ===

[Test] plan_hash_deterministic_add
  ✓ Plan hash identical despite different timestamps
  ✓ Hash: 7b47315d5f2cc146...
[Test] plan_hash_deterministic_remove
  ✓ RemoveStep produces deterministic hash
  ✓ Hash: 8bc8b5aefc08998e...
[Test] plan_hash_changes_with_content
  ✓ Hash changes with plan content
  ✓ Hash returns to original after add/remove cycle

=== All determinism tests passed ✓ ===
<end of output>
Test time =   0.05 sec
----------------------------------------------------------
Test Passed.
"PlanDeterminismTest" end time: Mar 27 10:44 PDT
"PlanDeterminismTest" time elapsed: 00:00:00
----------------------------------------------------------

23/45 Testing: occt_compliance
23/45 Test: occt_compliance
Command: "/mnt/c/dev/praxis-cadcam/engine/build/tests/sprint7/test_occt_compliance"
Directory: /mnt/c/dev/praxis-cadcam/engine/build/tests/sprint7
"occt_compliance" start time: Mar 27 10:44 PDT
Output:
----------------------------------------------------------
=== OCCT Compliance Tests ===

Test: load_step_file
  STEP path: /mnt/c/dev/praxis-cadcam/engine/tests/fixtures/box.step
  Exists?  : yes
  Bodies: 1
  Faces: 6
  Edges: 12
  ✓ STEP file loaded

Test: deterministic_enumeration
  First load:  1 bodies, 6 faces, 12 edges
  Second load: 1 bodies, 6 faces, 12 edges
  ✓ Enumeration is deterministic

Test: face_properties
  Face 0:
    Type: planar
    Area: 1250
    Normal: (1, 0, -0)
  Planar faces: 6 / 6
  ✓ Face properties extracted

Test: edge_properties
  Edge 0:
    Type: line
    Length: 25
  Linear edges: 12 / 12
  ✓ Edge properties extracted

Test: hierarchical_enumeration
  Body 0 has 6 faces
  Face 0 has 4 edges
  ✓ Hierarchical enumeration works

=== ALL TESTS PASSED ===
<end of output>
Test time =   0.06 sec
----------------------------------------------------------
Test Passed.
"occt_compliance" end time: Mar 27 10:44 PDT
"occt_compliance" time elapsed: 00:00:00
----------------------------------------------------------

24/45 Testing: occt_multibody
24/45 Test: occt_multibody
Command: "/mnt/c/dev/praxis-cadcam/engine/build/tests/sprint7/test_occt_multibody"
Directory: /mnt/c/dev/praxis-cadcam/engine/build/tests/sprint7
"occt_multibody" start time: Mar 27 10:44 PDT
Output:
----------------------------------------------------------
=== OCCT Multi-Body Tests ===

Test: load_multi_body
  STEP path: /mnt/c/dev/praxis-cadcam/engine/tests/fixtures/multi_body.step
  Exists?  : yes
  Bodies: 6, Faces: 36, Edges: 72
  ✓ Loaded multi-body fixture

Test: global_determinism
  ✓ Global enumeration deterministic across loads

Test: per_body_determinism
  ✓ Per-body enumeration deterministic

=== ALL TESTS PASSED ===
<end of output>
Test time =   0.17 sec
----------------------------------------------------------
Test Passed.
"occt_multibody" end time: Mar 27 10:44 PDT
"occt_multibody" time elapsed: 00:00:00
----------------------------------------------------------

25/45 Testing: reference_roundtrip
25/45 Test: reference_roundtrip
Command: "/mnt/c/dev/praxis-cadcam/engine/build/tests/sprint7/test_reference_roundtrip"
Directory: /mnt/c/dev/praxis-cadcam/engine/build/tests/sprint7
"reference_roundtrip" start time: Mar 27 10:44 PDT
Output:
----------------------------------------------------------
=== Reference Roundtrip Tests ===

Test: roundtrip_single_body_and_face
  ✓ Single body+face roundtrip resolved

Test: roundtrip_multibody_body_and_face
  ✓ Multibody body+face roundtrip resolved

Test: roundtrip_edge_single
  ✓ Single edge roundtrip resolved

Test: json_serialization_smoke
  ✓ JSON serialization strings emitted

=== ALL TESTS PASSED ===
<end of output>
Test time =   0.12 sec
----------------------------------------------------------
Test Passed.
"reference_roundtrip" end time: Mar 27 10:44 PDT
"reference_roundtrip" time elapsed: 00:00:00
----------------------------------------------------------

26/45 Testing: json_codec
26/45 Test: json_codec
Command: "/mnt/c/dev/praxis-cadcam/engine/build/tests/sprint7/test_json_codec"
Directory: /mnt/c/dev/praxis-cadcam/engine/build/tests/sprint7
"json_codec" start time: Mar 27 10:44 PDT
Output:
----------------------------------------------------------
=== JSON Codec Tests ===

Test: body_json_roundtrip
  ✓ Body JSON round-trip passed

Test: face_json_roundtrip
  ✓ Face JSON round-trip passed

Test: edge_json_roundtrip
  ✓ Edge JSON round-trip passed

Test: bad_contract_version
  ✓ Bad contract version rejected

Test: missing_required_fields
  ✓ Missing required fields rejected

Test: wrong_ref_type
  ✓ Wrong ref_type rejected

Test: malformed_json
  ✓ Malformed JSON rejected

=== ALL TESTS PASSED ===
<end of output>
Test time =   0.04 sec
----------------------------------------------------------
Test Passed.
"json_codec" end time: Mar 27 10:44 PDT
"json_codec" time elapsed: 00:00:00
----------------------------------------------------------

27/45 Testing: Sprint8_E2E
27/45 Test: Sprint8_E2E
Command: "/mnt/c/dev/praxis-cadcam/engine/build/tests/sprint8/test_sprint8_e2e"
Directory: /mnt/c/dev/praxis-cadcam/engine/build/tests/sprint8
"Sprint8_E2E" start time: Mar 27 10:44 PDT
Output:
----------------------------------------------------------
Sprint 8 E2E Tests
==================

Test: Sprint 8 E2E - Happy Path (Exact Match)
  ✓ Happy path: Real encode→JSON→parse→resolve→Exact verified

Test: Sprint 8 E2E - FaceRef Roundtrip (Exact Match)
  ✓ FaceRef: Real encode→JSON→parse→resolve→Exact verified

Test: Sprint 8 E2E - EdgeRef Roundtrip (Exact Match)
  ✓ EdgeRef: Real encode→JSON→parse→resolve→Exact verified

Test: Sprint 8 E2E - Missing
  ✓ Missing case verified

Test: Sprint 8 E2E - Ambiguous
  ✓ Ambiguous case verified

Test: Sprint 8 E2E - Contract Mismatch
  ✓ Contract mismatch verified

Test: Sprint 8 E2E - Drifted
  ✓ Drifted case verified

Test: Sprint 8 E2E - Selection Failures
  ✓ Selection failure emit verified

Test: Sprint 8 E2E - Deterministic Ordering
  ✓ Deterministic ordering verified

Test: Sprint 8 E2E - Full CLI Flow
    1. Inspected: found 1 body
    2. Encoded reference (signature with volume=125000)
    3. Parsed reference JSON (contract_version=1.0)
    4. Resolved: status=Exact
  ✓ Full CLI flow verified (inspect→encode→parse→resolve→Exact)

All Sprint 8 E2E tests passed!
<end of output>
Test time =   0.07 sec
----------------------------------------------------------
Test Passed.
"Sprint8_E2E" end time: Mar 27 10:44 PDT
"Sprint8_E2E" time elapsed: 00:00:00
----------------------------------------------------------

28/45 Testing: Sprint11_Determinism
28/45 Test: Sprint11_Determinism
Command: "/mnt/c/dev/praxis-cadcam/engine/build/tests/sprint11/test_sprint11_determinism"
Directory: /mnt/c/dev/praxis-cadcam/engine/build/tests/sprint11
"Sprint11_Determinism" start time: Mar 27 10:44 PDT
Output:
----------------------------------------------------------
========================================
Sprint 11 Determinism Tests
========================================

Test 1: Metadata Determinism
  PASS: meta.json serialization is deterministic

========================================
All tests PASSED
========================================
<end of output>
Test time =   0.02 sec
----------------------------------------------------------
Test Passed.
"Sprint11_Determinism" end time: Mar 27 10:44 PDT
"Sprint11_Determinism" time elapsed: 00:00:00
----------------------------------------------------------

29/45 Testing: Sprint11_ReportEmission
29/45 Test: Sprint11_ReportEmission
Command: "/mnt/c/dev/praxis-cadcam/engine/build/tests/sprint11/test_sprint11_report_emission"
Directory: /mnt/c/dev/praxis-cadcam/engine/build/tests/sprint11
"Sprint11_ReportEmission" start time: Mar 27 10:44 PDT
Output:
----------------------------------------------------------
========================================
Sprint 11 Report Emission Tests
========================================

Test 1: Report Emission Path Documentation
  INFO: Report emission path per sprint11/report_emission_path.md:
    1. IntentRouter::route() executes intent
    2. RecipeExecutor::execute() generates result
    3. RecipeExecutor::generate_result_summary() populates summary
    4. Report::writeReport() emits JSON with summary block
    5. Summary contains: intent, produced[], counts, previewable_outputs[]
  PASS: Emission path documented

Test 2: Summary Structure Contract
  INFO: Summary structure per Sprint 10 Task 3.1:
    - intent: string (metadata-driven description)
    - produced: array of semantic objects (Body[x], Face[y])
    - body_count: int
    - face_count: int
    - edge_count: int
    - artifact_count: int
    - previewable_outputs: array of filenames
  PASS: Contract documented

Test 3: Ordering Rules
  INFO: Ordering per semantic_objects.md:
    - produced[] ordered by: Body, Face, Edge (semantic hierarchy)
    - Within each type: insertion order (deterministic)
    - previewable_outputs[] matches produced[] order
  PASS: Ordering rules documented

Test 4: Non-transient Fields Only
  INFO: Summary excludes transient fields:
    - No timestamps (execution time is in top-level duration_ms)
    - No process IDs or hostnames
    - No environment variables
    - Summary is purely content-addressed
  PASS: Transient field exclusion documented

Test 5: Integration Test Note
  INFO: Full report emission tested via:
    1. Run praxis-cad with real recipe
    2. Inspect report.json for summary block
    3. Verify all fields present and non-empty
    4. Compare across runs for determinism
  PASS: Integration test approach documented

========================================
All tests PASSED
========================================
<end of output>
Test time =   0.00 sec
----------------------------------------------------------
Test Passed.
"Sprint11_ReportEmission" end time: Mar 27 10:44 PDT
"Sprint11_ReportEmission" time elapsed: 00:00:00
----------------------------------------------------------

30/45 Testing: Sprint11_SelectionIntegration
30/45 Test: Sprint11_SelectionIntegration
Command: "/mnt/c/dev/praxis-cadcam/engine/build/tests/sprint11/test_sprint11_selection_integration"
Directory: /mnt/c/dev/praxis-cadcam/engine/build/tests/sprint11
"Sprint11_SelectionIntegration" start time: Mar 27 10:44 PDT
Output:
----------------------------------------------------------
========================================
Sprint 11 Selection Integration Tests
========================================

Test 1: Fixture Availability
  PASS: Test fixture exists

Test 2: Contract Documentation
  INFO: Selection exit codes per contract:
    0  - Success (unambiguous selection)
    10 - InvalidSelectionMode (e.g., face in body mode)
    11 - AmbiguousSelection (multiple matches)
    12 - SelectionNotFound (no matches)
    13 - InvalidSelector (malformed selector)
    20 - ArtifactLoadError (file not found/corrupt)
  PASS: Contract documented

Test 3: Integration Test Placeholder
  INFO: Full integration tests require engine binary
  INFO: Run via: praxis-cad select <artifact> <selector>
  PASS: Test framework ready

========================================
All tests PASSED
========================================
<end of output>
Test time =   0.01 sec
----------------------------------------------------------
Test Passed.
"Sprint11_SelectionIntegration" end time: Mar 27 10:44 PDT
"Sprint11_SelectionIntegration" time elapsed: 00:00:00
----------------------------------------------------------

31/45 Testing: Sprint11_PreviewDiscovery
31/45 Test: Sprint11_PreviewDiscovery
Command: "/mnt/c/dev/praxis-cadcam/engine/build/tests/sprint11/test_sprint11_preview_discovery"
Directory: /mnt/c/dev/praxis-cadcam/engine/build/tests/sprint11
"Sprint11_PreviewDiscovery" start time: Mar 27 10:44 PDT
Output:
----------------------------------------------------------
========================================
Sprint 11 Preview Discovery Tests
========================================

Test 1: Metadata Sufficiency for Preview Discovery
  PASS: Metadata sufficient for preview discovery

Test 2: Classification Stability Across Runs
  PASS: Classification stable across runs

Test 3: UX Contract Compliance
  PASS: Metadata complies with UX contract

========================================
All tests PASSED
========================================
<end of output>
Test time =   0.01 sec
----------------------------------------------------------
Test Passed.
"Sprint11_PreviewDiscovery" end time: Mar 27 10:44 PDT
"Sprint11_PreviewDiscovery" time elapsed: 00:00:00
----------------------------------------------------------

32/45 Testing: Sprint12.Gate.E2E.PlanAccumulation
32/45 Test: Sprint12.Gate.E2E.PlanAccumulation
Command: "/mnt/c/dev/praxis-cadcam/engine/build/tests/sprint12/test_e2e_plan_accumulation"
Directory: /mnt/c/dev/praxis-cadcam/engine/build
"Sprint12.Gate.E2E.PlanAccumulation" start time: Mar 27 10:44 PDT
Output:
----------------------------------------------------------

=== Sprint 12: E2E Plan Accumulation (HARD GATE) ===

[E2E] two_boxes_accumulate
  → Plan file: "/mnt/c/dev/praxis-cadcam/engine/build/test_outputs/plan_accumulation/plan.json"
  → Output dir: "/mnt/c/dev/praxis-cadcam/engine/build/test_outputs/plan_accumulation/output"
  → Running: praxis-cad plan
  ✓ Plan executed successfully
  ✓ state.step exists
  ✓ state.step contains exactly 2 bodies
  ✓ Body volumes validated: 27000, 64000
  ✓ Per-step artifacts present
  ✓ step_0/box.step contains 1 body (not accumulated)
  ✅ ACCUMULATED STATE MODEL VALIDATED

✅ All E2E tests passed
<end of output>
Test time =   0.22 sec
----------------------------------------------------------
Test Passed.
"Sprint12.Gate.E2E.PlanAccumulation" end time: Mar 27 10:44 PDT
"Sprint12.Gate.E2E.PlanAccumulation" time elapsed: 00:00:00
----------------------------------------------------------

33/45 Testing: Sprint12.Gate.E2E.AttachFaceToFace
33/45 Test: Sprint12.Gate.E2E.AttachFaceToFace
Command: "/mnt/c/dev/praxis-cadcam/engine/build/tests/sprint12/test_e2e_attach_gate"
Directory: /mnt/c/dev/praxis-cadcam/engine/build
"Sprint12.Gate.E2E.AttachFaceToFace" start time: Mar 27 10:44 PDT
Output:
----------------------------------------------------------

=== Sprint 12: GATE - AttachFaceToFace Behavior ===

[GATE] attach_face_to_face_behavior
  → Creating initial boxes
  ✓ Found body 0 +X face (index=5, centroid.x=40, normal=(1,0,0))
  ✓ Found body 1 westward face (index=0, centroid.x=50, normal=(1,0,0))
  → Running praxis-cad plan (GATE - must succeed)
  ✓ Plan executed successfully
  ✓ Final state contains 2 bodies
  ✓ Bodies identified: fixed (volume=64000) and moving (volume=27000)
  ✓ Fixed body stationary (centroid delta: 0mm)
  ✓ Moving body translated (centroid delta: 10mm)
  ✓ Faces coincident (gap: 2e-07mm)

✅ AttachFaceToFace GATE PASSED
   - Plan executed successfully
   - AttachFaceToFace operation completed
   - 2 bodies preserved in final state
   - Fixed body remained stationary
   - Moving body translated correctly
   - Face planes are coincident (flush mate)

✅ v0.6.0 GATE PASSED
<end of output>
Test time =   0.48 sec
----------------------------------------------------------
Test Passed.
"Sprint12.Gate.E2E.AttachFaceToFace" end time: Mar 27 10:44 PDT
"Sprint12.Gate.E2E.AttachFaceToFace" time elapsed: 00:00:00
----------------------------------------------------------

34/45 Testing: Sprint12.Gate.Determinism.RepeatedRun
34/45 Test: Sprint12.Gate.Determinism.RepeatedRun
Command: "/mnt/c/dev/praxis-cadcam/engine/build/tests/sprint12/test_determinism"
Directory: /mnt/c/dev/praxis-cadcam/engine/build
"Sprint12.Gate.Determinism.RepeatedRun" start time: Mar 27 10:44 PDT
Output:
----------------------------------------------------------

=== Sprint 12: Determinism Tests (HARD GATE) ===

[Determinism] repeated_run_same_signature
  → Run 1...
  → Run 2...
  ✓ Signatures identical
    Body count: 2
    Volumes: [27000, 64000]
  ✓ SHA-256 match: 7e437d71b1396b99...
  ✅ DETERMINISM VALIDATED

[Determinism] signature_stability
  ✓ Signature structure valid
  ✓ Volumes sorted: 27000 < 64000
  ✓ Bboxes sorted
  ✅ SIGNATURE STABILITY VALIDATED

✅ All determinism tests passed
<end of output>
Test time =   0.62 sec
----------------------------------------------------------
Test Passed.
"Sprint12.Gate.Determinism.RepeatedRun" end time: Mar 27 10:44 PDT
"Sprint12.Gate.Determinism.RepeatedRun" time elapsed: 00:00:00
----------------------------------------------------------

35/45 Testing: Sprint12.Gate.Negative.Taxonomy
35/45 Test: Sprint12.Gate.Negative.Taxonomy
Command: "/mnt/c/dev/praxis-cadcam/engine/build/tests/sprint12/test_negative_taxonomy"
Directory: /mnt/c/dev/praxis-cadcam/engine/build
"Sprint12.Gate.Negative.Taxonomy" start time: Mar 27 10:44 PDT
Output:
----------------------------------------------------------

=== Sprint 12: Negative Taxonomy Tests (HARD GATE) ===

[Negative] attach_as_first_op
  ✓ Correct error code: InvalidPlanOrder
  ✓ Operation correctly rejected (exit 256)
  ✅ FIRST-OP VALIDATION ENFORCED

[Negative] invalid_body_index
  ✓ Correct error code: IntentFailed
  ✓ Invalid index rejected (exit 256)
  ✅ REFERENCE VALIDATION ENFORCED

[Negative] malformed_json
  ✓ Correct error code: JsonParseError
  ✓ Malformed JSON rejected (exit 512)
  ✅ INPUT VALIDATION ENFORCED

[Negative] missing_required_param
  ✓ Correct error code: InvalidParameter
  ✓ Missing param rejected (exit 256)
  ✅ SCHEMA VALIDATION ENFORCED

[Negative] invalid_numeric_param
  ✓ Invalid numeric rejected (exit 256)
  ✅ PARAMETER TYPE VALIDATION ENFORCED

[Negative] negative_size
  ✓ Negative size rejected (exit 256)
  ✅ GEOMETRIC VALIDATION ENFORCED

✅ All negative taxonomy tests passed
   (All invalid inputs correctly rejected)
<end of output>
Test time =   0.31 sec
----------------------------------------------------------
Test Passed.
"Sprint12.Gate.Negative.Taxonomy" end time: Mar 27 10:44 PDT
"Sprint12.Gate.Negative.Taxonomy" time elapsed: 00:00:00
----------------------------------------------------------

36/45 Testing: Sprint12.Infra.AttachFaceToFaceHarness
36/45 Test: Sprint12.Infra.AttachFaceToFaceHarness
Command: "/mnt/c/dev/praxis-cadcam/engine/build/tests/sprint12/test_e2e_attach_infra"
Directory: /mnt/c/dev/praxis-cadcam/engine/build
"Sprint12.Infra.AttachFaceToFaceHarness" start time: Mar 27 10:44 PDT
Output:
----------------------------------------------------------

=== Sprint 12: Infra - AttachFaceToFace Harness ===

[Infra] attach_harness_infrastructure
  → Running praxis-cad plan (infra validation)
  ✓ Directory structure created
  ✓ Structured error detected: code=IntentFailed
  → Command failed cleanly (no crash)
  ✅ INFRA HARNESS FUNCTIONAL

✅ Infrastructure validation passed
<end of output>
Test time =   0.18 sec
----------------------------------------------------------
Test Passed.
"Sprint12.Infra.AttachFaceToFaceHarness" end time: Mar 27 10:44 PDT
"Sprint12.Infra.AttachFaceToFaceHarness" time elapsed: 00:00:00
----------------------------------------------------------

37/45 Testing: Legacy12.PlanAccumulation_OldPattern
37/45 Test: Legacy12.PlanAccumulation_OldPattern
Command: "/mnt/c/dev/praxis-cadcam/engine/build/tests/sprint12/test_sprint12_plan_accumulation"
Directory: /mnt/c/dev/praxis-cadcam/engine/build
"Legacy12.PlanAccumulation_OldPattern" start time: Mar 27 10:44 PDT
Output:
----------------------------------------------------------

=== Sprint 12: Plan Accumulation Tests ===

[Test] two_boxes_accumulate
  ✓ state.step exists and contains 2 bodies
  ✓ Body volumes: 64000, 27000
  ✓ Accumulated state model VALIDATED
[Test] step_artifacts_are_individual
  ✓ step_0/box.step contains exactly 1 body
  ✓ Per-step artifacts remain individual

✓ All tests passed
<end of output>
Test time =   0.05 sec
----------------------------------------------------------
Test Passed.
"Legacy12.PlanAccumulation_OldPattern" end time: Mar 27 10:44 PDT
"Legacy12.PlanAccumulation_OldPattern" time elapsed: 00:00:00
----------------------------------------------------------

38/45 Testing: Legacy12.AttachFaceToFace_GracefulFailure
38/45 Test: Legacy12.AttachFaceToFace_GracefulFailure
Command: "/mnt/c/dev/praxis-cadcam/engine/build/tests/sprint12/test_sprint12_attach_face_to_face"
Directory: /mnt/c/dev/praxis-cadcam/engine/build
"Legacy12.AttachFaceToFace_GracefulFailure" start time: Mar 27 10:44 PDT
Output:
----------------------------------------------------------

=== Sprint 12: AttachFaceToFace Tests ===

[Test] reference_resolver_integration
  ✓ ReferenceResolver declared and used
  ✓ resolver.resolve() calls present
  ✓ ResolutionStatus checked
  ✓ Raw index extraction replaced with resolution
[Test] error_taxonomy_present
  ✓ Resolution success path validated
  ✓ Error taxonomy integrated (Missing/Drifted/Ambiguous/ContractMismatch)

✓ All tests passed

v0.6.0 D.1 Contract: ReferenceResolver integration VALIDATED
<end of output>
Test time =   0.01 sec
----------------------------------------------------------
Test Passed.
"Legacy12.AttachFaceToFace_GracefulFailure" end time: Mar 27 10:44 PDT
"Legacy12.AttachFaceToFace_GracefulFailure" time elapsed: 00:00:00
----------------------------------------------------------

39/45 Testing: canonical_format
39/45 Test: canonical_format
Command: "/mnt/c/dev/praxis-cadcam/engine/build/tests/hardening/test_canonical_format"
Directory: /mnt/c/dev/praxis-cadcam/engine/build/tests/hardening
"canonical_format" start time: Mar 27 10:44 PDT
Output:
----------------------------------------------------------
=================================================
Sprint 9 - Canonical Format Unit Tests
=================================================

Test: Zero normalization
  ✓ 0.0 and -0.0 both serialize as "0"

Test: Small numbers
  1e-12 → "1e-12"
  1e-7 → "1e-07"
  DBL_MIN → "2.22507386e-308"
  ✓ Small numbers format deterministically

Test: Large numbers
  1e12 → "1e+12"
  1e15 → "1e+15"
  DBL_MAX → "1.79769313e+308"
  ✓ Large numbers format deterministically

Test: Typical geometry values
  Volume 1000.5 → "1000.5"
  Coordinate 123.456789 → "123.456789"
  Small dimension 0.001 → "0.001"
  ✓ Geometry values preserve precision

Test: NaN rejection
  ✓ NaN rejected: NaN is not allowed in canonical JSON serialization
  ✓ NaN throws exception

Test: Infinity rejection
  ✓ +Inf rejected: Infinity is not allowed in canonical JSON serialization
  ✓ -Inf rejected: Infinity is not allowed in canonical JSON serialization
  ✓ Infinity throws exception

Test: JSON string escaping
  ✓ Basic escaping works
  ✓ Control characters escaped as \uXXXX

Test: Locale independence
  1234.5 → "1234.5"
  ✓ Uses period (not comma) regardless of locale

=================================================
✅ All canonical format tests passed!
=================================================
<end of output>
Test time =   0.00 sec
----------------------------------------------------------
Test Passed.
"canonical_format" end time: Mar 27 10:44 PDT
"canonical_format" time elapsed: 00:00:00
----------------------------------------------------------

40/45 Testing: json_escaping
40/45 Test: json_escaping
Command: "/mnt/c/dev/praxis-cadcam/engine/build/tests/hardening/test_json_escaping"
Directory: /mnt/c/dev/praxis-cadcam/engine/build/tests/hardening
"json_escaping" start time: Mar 27 10:44 PDT
Output:
----------------------------------------------------------
=================================================
Sprint 9 - Move 3: JSON Escaping Hardening Tests
=================================================

Test: Escape quotes in strings
  Input:   expected "1.0" got "1.1"
  Escaped: expected \"1.0\" got \"1.1\"
  ✓ Quotes escaped correctly

Test: Escape newlines in strings
  Input:   (contains newlines)
  Escaped: line1\nline2\nline3
  ✓ Newlines escaped correctly

Test: Escape backslashes (Windows paths)
  Input:   C:\path\to\file.txt
  Escaped: C:\\path\\to\\file.txt
  ✓ Backslashes escaped correctly

Test: Failure messages with problematic characters produce valid JSON
  Generated JSON:
{"type":"InvalidSelector","message":"Syntax error:\n  Expected \"}\" but got \"]\"\n  At C:\\path\\selector.txt:10","selector":"body[invalid syntax \"quoted\"]"}

  Extracted message: Syntax error:
  Expected "}" but got "]"
  At C:\path\selector.txt:10
  ✓ Failure JSON is valid and reversible

Test: Control characters are escaped
  Escaped: text\u0001with,ontrol<hars
  ✓ Control characters escaped as \uXXXX

Test: Escape and unescape produces identical result
  Original:  Complex "string" with:
  - newlines
  - backslashes: \
  - tabs:		here
  Extracted: Complex "string" with:
  - newlines
  - backslashes: \
  - tabs:		here
  ✓ Roundtrip is identical

=================================================
✅ All JSON escaping tests passed!
=================================================
Invalid JSON from unescaped strings is now IMPOSSIBLE.
<end of output>
Test time =   0.00 sec
----------------------------------------------------------
Test Passed.
"json_escaping" end time: Mar 27 10:44 PDT
"json_escaping" time elapsed: 00:00:00
----------------------------------------------------------

41/45 Testing: json_lint
41/45 Test: json_lint
Command: "/mnt/c/dev/praxis-cadcam/engine/build/tests/hardening/test_json_lint"
Directory: /mnt/c/dev/praxis-cadcam/engine/build/tests/hardening
"json_lint" start time: Mar 27 10:44 PDT
Output:
----------------------------------------------------------
=== JSON Lint Test ===
Scanning for raw JSON string insertions without escape_json()...

Scanning directory: /mnt/c/dev/praxis-cadcam/engine/src

✅ NO VIOLATIONS FOUND
All JSON string emissions appear to use canonical::escape_json()
<end of output>
Test time =   1.00 sec
----------------------------------------------------------
Test Passed.
"json_lint" end time: Mar 27 10:44 PDT
"json_lint" time elapsed: 00:00:01
----------------------------------------------------------

42/45 Testing: selectable_ids
42/45 Test: selectable_ids
Command: "/mnt/c/dev/praxis-cadcam/engine/build/tests/hardening/test_selectable_ids"
Directory: /mnt/c/dev/praxis-cadcam/engine/build/tests/hardening
"selectable_ids" start time: Mar 27 10:44 PDT
Output:
----------------------------------------------------------
[Test] label_change_does_not_change_stable_id
[Test] edge_id_sorts_faces
OK
<end of output>
Test time =   0.02 sec
----------------------------------------------------------
Test Passed.
"selectable_ids" end time: Mar 27 10:44 PDT
"selectable_ids" time elapsed: 00:00:00
----------------------------------------------------------

43/45 Testing: selector_parse
43/45 Test: selector_parse
Command: "/mnt/c/dev/praxis-cadcam/engine/build/tests/phase_c4/test_selector_parse"
Directory: /mnt/c/dev/praxis-cadcam/engine/build/tests/phase_c4
"selector_parse" start time: Mar 27 10:44 PDT
Output:
----------------------------------------------------------
Randomness seeded to: 2162568273
===============================================================================
All tests passed (154 assertions in 26 test cases)

<end of output>
Test time =   0.01 sec
----------------------------------------------------------
Test Passed.
"selector_parse" end time: Mar 27 10:44 PDT
"selector_parse" time elapsed: 00:00:00
----------------------------------------------------------

44/45 Testing: selector_resolve
44/45 Test: selector_resolve
Command: "/mnt/c/dev/praxis-cadcam/engine/build/tests/phase_c5/test_selector_resolve"
Directory: /mnt/c/dev/praxis-cadcam/engine/build/tests/phase_c5
"selector_resolve" start time: Mar 27 10:44 PDT
Output:
----------------------------------------------------------
Randomness seeded to: 2970916018
===============================================================================
All tests passed (791 assertions in 36 test cases)

<end of output>
Test time =   0.64 sec
----------------------------------------------------------
Test Passed.
"selector_resolve" end time: Mar 27 10:44 PDT
"selector_resolve" time elapsed: 00:00:00
----------------------------------------------------------

45/45 Testing: artifact_lifecycle
45/45 Test: artifact_lifecycle
Command: "/mnt/c/dev/praxis-cadcam/engine/build/tests/artifact_lifecycle/test_artifact_lifecycle"
Directory: /mnt/c/dev/praxis-cadcam/engine/build/tests/artifact_lifecycle
"artifact_lifecycle" start time: Mar 27 10:44 PDT
Output:
----------------------------------------------------------
Randomness seeded to: 2032786438
{
  "artifactType": "machine-definition",
  "jointCount": 3,
  "machineId": "fanuc-3x-vmc",
  "ok": true,
  "outputPath": "/tmp/praxis-cadcam-artifact-tests/export-machine-definition/machine-definition.json"
}
Wrote machine-definition: /tmp/praxis-cadcam-artifact-tests/artifact-lifecycle/machine-definition.json
Wrote capability-profile: /tmp/praxis-cadcam-artifact-tests/artifact-lifecycle/capability-profile.json
{
  "artifactType": "machine-definition",
  "inputPath": "/tmp/praxis-cadcam-artifact-tests/artifact-lifecycle/machine-definition.json",
  "ok": true
}
{
  "artifactType": "capability-profile",
  "inputPath": "/tmp/praxis-cadcam-artifact-tests/artifact-lifecycle/capability-profile.json",
  "ok": true
}
{
  "artifactType": "machine-definition",
  "bodyCount": 4,
  "frameCount": 1,
  "jointCount": 3,
  "machineId": "fanuc-3x-vmc",
  "machineName": "fanuc-3x-vmc",
  "units": "mm"
}
{
  "artifactType": "capability-profile",
  "capabilityId": "fanuc-3x-vmc",
  "capabilityVersion": "1.0.0",
  "jointCount": 3,
  "machineDefinitionRef": {
    "machineId": "fanuc-3x-vmc",
    "schemaVersion": "1.0"
  }
}
{
  "artifactCount": 2,
  "artifactType": "manifest",
  "ok": true,
  "outputPath": "/tmp/praxis-cadcam-artifact-tests/artifact-lifecycle/manifest.json"
}
{
  "artifactType": "manifest",
  "inputPath": "/tmp/praxis-cadcam-artifact-tests/artifact-lifecycle/manifest.json",
  "ok": true
}
PRAXIS_ERROR_JSON={"code":"InvalidMachineSource","detail":{"inputPath":"/mnt/c/dev/praxis-cadcam/engine/tests/fixtures/artifact/bad-version-pkm.json","warnings":[]},"message":"PKM validation failed: Unsupported PKM version: 9.9 (expected 0.1 or 0.2)","where":"ExportMachineDefinition"}
{
  "artifactType": "machine-definition",
  "inputPath": "/mnt/c/dev/praxis-cadcam/engine/tests/fixtures/artifact/corrupt.json",
  "issues": [
    {
      "message": "invalid JSON: [json.exception.parse_error.101] parse error at line 3, column 1: syntax error while parsing object key - unexpected end of input; expected string literal",
      "path": "$"
    }
  ],
  "ok": false
}
{
  "artifactType": "machine-definition",
  "inputPath": "/mnt/c/dev/praxis-cadcam/engine/tests/fixtures/artifact/semantic-invalid-machine-definition.json",
  "issues": [
    {
      "message": "must not be empty when joints are declared",
      "path": "$.kinematics.chain"
    }
  ],
  "ok": false
}
{
  "artifactType": "capability-profile",
  "inputPath": "/mnt/c/dev/praxis-cadcam/engine/tests/fixtures/artifact/semantic-invalid-capability-profile.json",
  "issues": [
    {
      "message": "must match capabilityId",
      "path": "$.machineCapabilityId"
    }
  ],
  "ok": false
}
{
  "artifactType": "manifest",
  "inputPath": "/mnt/c/dev/praxis-cadcam/engine/tests/fixtures/artifact/semantic-invalid-manifest-duplicate-paths.json",
  "issues": [
    {
      "message": "contains duplicate artifact path: machine-definition.json",
      "path": "$.artifacts"
    }
  ],
  "ok": false
}
{
  "artifactType": "machine-definition",
  "jointCount": 4,
  "machineId": "fanuc-4x-vmc",
  "ok": true,
  "outputPath": "/tmp/praxis-cadcam-artifact-tests/export-machine-definition-4axis/machine-definition.json"
}
===============================================================================
All tests passed (30 assertions in 8 test cases)

<end of output>
Test time =   0.07 sec
----------------------------------------------------------
Test Passed.
"artifact_lifecycle" end time: Mar 27 10:44 PDT
"artifact_lifecycle" time elapsed: 00:00:00
----------------------------------------------------------

End testing: Mar 27 10:44 PDT
